<?xml version="1.0" encoding="UTF-8"?>
<testsuite name="AutomationPractice" tests="1" skipped="0" failures="0" errors="0" timestamp="2021-11-08T01:28:26" hostname="DESKTOP-0IFVL9J" time="10.618">
  <properties/>
  <testcase name="testDemoqa" classname="AutomationPractice" time="10.618"/>
  <system-out><![CDATA[]]></system-out>
  <system-err><![CDATA[Starting ChromeDriver 95.0.4638.54 (d31a821ec901f68d0d34ccdbaea45b4c86ce543e-refs/branch-heads/4638@{#871}) on port 19515
Only local connections are allowed.
Please see https://chromedriver.chromium.org/security-considerations for suggestions on keeping ChromeDriver safe.
ChromeDriver was started successfully.
nov 07, 2021 8:28:29 PM org.openqa.selenium.remote.ProtocolHandshake createSession
INFORMACIÓN: Detected dialect: W3C
]]></system-err>
</testsuite>
